<?xml version="1.0" encoding="UTF-8"?>
<!-- Generated by org.testng.reporters.JUnitXMLReporter -->
<testsuite ignored="0" hostname="DESKTOP-JMH282T" failures="0" tests="5" name="Default test" time="41.536" errors="0" timestamp="2023-01-15T21:39:10 GMT">
  <testcase classname="Manager.Login" name="LoginAsManager" time="12.024"/>
  <testcase classname="Manager.Login" name="OpenAcountAsManager" time="10.662"/>
  <testcase classname="Manager.Login" name="CustomersAsManager" time="4.841"/>
  <testcase classname="Manager.Login" name="CheckDeletion" time="6.235"/>
  <testcase classname="Manager.Login" name="CheckTheAddName" time="2.233"/>
</testsuite> <!-- Default test -->
