<?xml version="1.0" encoding="UTF-8"?>
<testng-results ignored="0" total="5" passed="5" failed="0" skipped="0">
  <reporter-output>
  </reporter-output>
  <suite started-at="2023-01-15T21:38:28 GMT" name="Default suite" finished-at="2023-01-15T21:39:10 GMT" duration-ms="41536">
    <groups>
    </groups>
    <test started-at="2023-01-15T21:38:28 GMT" name="Default test" finished-at="2023-01-15T21:39:10 GMT" duration-ms="41536">
      <class name="Manager.Login">
        <test-method is-config="true" signature="setup()[pri:0, instance:Manager.Login@48b22fd4]" started-at="2023-01-15T21:38:28 GMT" name="setup" finished-at="2023-01-15T21:38:33 GMT" duration-ms="5418" status="PASS">
          <reporter-output>
          </reporter-output>
        </test-method> <!-- setup -->
        <test-method signature="LoginAsManager()[pri:1, instance:Manager.Login@48b22fd4]" started-at="2023-01-15T21:38:34 GMT" name="LoginAsManager" finished-at="2023-01-15T21:38:46 GMT" duration-ms="12024" status="PASS">
          <reporter-output>
          </reporter-output>
        </test-method> <!-- LoginAsManager -->
        <test-method signature="OpenAcountAsManager()[pri:2, instance:Manager.Login@48b22fd4]" started-at="2023-01-15T21:38:46 GMT" name="OpenAcountAsManager" finished-at="2023-01-15T21:38:56 GMT" duration-ms="10662" status="PASS">
          <reporter-output>
          </reporter-output>
        </test-method> <!-- OpenAcountAsManager -->
        <test-method signature="CustomersAsManager()[pri:3, instance:Manager.Login@48b22fd4]" started-at="2023-01-15T21:38:56 GMT" name="CustomersAsManager" finished-at="2023-01-15T21:39:01 GMT" duration-ms="4841" status="PASS">
          <reporter-output>
          </reporter-output>
        </test-method> <!-- CustomersAsManager -->
        <test-method signature="CheckDeletion()[pri:4, instance:Manager.Login@48b22fd4]" started-at="2023-01-15T21:39:01 GMT" name="CheckDeletion" finished-at="2023-01-15T21:39:07 GMT" duration-ms="6235" status="PASS">
          <reporter-output>
          </reporter-output>
        </test-method> <!-- CheckDeletion -->
        <test-method signature="CheckTheAddName()[pri:5, instance:Manager.Login@48b22fd4]" started-at="2023-01-15T21:39:07 GMT" name="CheckTheAddName" finished-at="2023-01-15T21:39:10 GMT" duration-ms="2233" status="PASS">
          <reporter-output>
          </reporter-output>
        </test-method> <!-- CheckTheAddName -->
      </class> <!-- Manager.Login -->
    </test> <!-- Default test -->
  </suite> <!-- Default suite -->
</testng-results>
